Training:   0%|                                               | 0/335 [00:00<?, ?it/s]transcripts: ['gnał go szalony strach', 'nagle usłyszałem cicho jej głos za sobą']
preds: ['cłhzłzhząząćuacząheczhyzcz', 'czćzćzsćńłzćyzłzcz']
Training: 100%|█████████████████████████████████████| 335/335 [01:06<00:00,  5.06it/s]
Epoch 1, Loss: 2.2883057594299316
Training:   0%|                                               | 0/335 [00:00<?, ?it/s]transcripts: ['z drogi gentlemanowi z londynu', 'znajomy wróbel mnie podciągnął i lecę']
preds: ['st neo rze tao na ni szyaie', 'jni to do ne po sczełni wo rac']
Training: 100%|█████████████████████████████████████| 335/335 [01:07<00:00,  4.97it/s]
Epoch 2, Loss: 2.0457584857940674
Training:   0%|                                                                         | 0/335 [00:00<?, ?it/s]transcripts: ['europa nie ma z kolei lepszego partnera niż ameryka', 'zawsze w porze jedzenia']
preds: ['erorakni akłaejesieno ba nana sałrega', 'zawrszew porzejieczene']
Training: 100%|███████████████████████████████████████████████████████████████| 335/335 [01:07<00:00,  4.93it/s]
Epoch 3, Loss: 1.5815244913101196
Training:   0%|                                                                         | 0/335 [00:00<?, ?it/s]transcripts: ['ale z pałami', 'dostałam ją od tatusia']
preds: ['pare so pooni', 'de zaanieą os towisza']
Training: 100%|███████████████████████████████████████████████████████████████| 335/335 [01:04<00:00,  5.19it/s]
Epoch 4, Loss: 1.6627308130264282
Training:   0%|                                                                         | 0/335 [00:00<?, ?it/s]transcripts: ['dziwię się jej i panu się dziwię', 'z dworku nikt nie wypędza']
preds: ['dzijewiesie e i pamu sie dziwie', 'żzdłortuniw t niedybezaa']
Training: 100%|███████████████████████████████████████████████████████████████| 335/335 [01:03<00:00,  5.29it/s]
Epoch 5, Loss: 1.4252740144729614
Training:   0%|                                                                         | 0/335 [00:00<?, ?it/s]transcripts: ['te luki to błędy i omyłki ludzkie', 'co to znaczy']
preds: ['tewoki to błoannze jeo mełupkierłockie', 'co te znczy']
Training: 100%|███████████████████████████████████████████████████████████████| 335/335 [01:04<00:00,  5.19it/s]
Epoch 6, Loss: 1.190756916999817
Training:   0%|                                                                         | 0/335 [00:00<?, ?it/s]transcripts: ['żeby podać tylko jeden przykład', 'to dobrze i korzystnie']
preds: ['dzebye cpodaśćt ou jeteprzyo', 'to bobżzeliko żystnie']
Training: 100%|███████████████████████████████████████████████████████████████| 335/335 [01:07<00:00,  4.97it/s]
Epoch 7, Loss: 1.4522087574005127
Training:   0%|                                                                         | 0/335 [00:00<?, ?it/s]transcripts: ['i dlatego interesuję się nim', 'nie rozbudowujmy']
preds: ['idzatego n teresuj j si ni', 'nie rozbodowóyt']
Training: 100%|███████████████████████████████████████████████████████████████| 335/335 [01:04<00:00,  5.18it/s]
Epoch 8, Loss: 1.1867516040802002
Training:   0%|                                                                         | 0/335 [00:00<?, ?it/s]transcripts: ['całe to rozumowanie nie trwało sekundy', 'chcę tylko poczynić jedną uwagę']
preds: ['cało to rozumuwaini trwałosekudy', 'cyzuko poczęjcjediam tagę']
Training: 100%|███████████████████████████████████████████████████████████████| 335/335 [01:04<00:00,  5.18it/s]
Epoch 9, Loss: 0.869600772857666
Training:   0%|                                                                         | 0/335 [00:00<?, ?it/s]transcripts: ['o trzech cudzoziemcach', 'odpowiedni proces ustanowiono zbyt późno']
preds: ['orzech cuboziemcach', 'odpowieni proes u starore no zyć óźną']
Training: 100%|███████████████████████████████████████████████████████████████| 335/335 [01:04<00:00,  5.18it/s]
Epoch 10, Loss: 0.8557648658752441